[20:42:28] [ServerMain/INFO]: Building unoptimized datafixer
[20:42:29] [ServerMain/INFO]: Environment: authHost='https://authserver.mojang.com', accountsHost='https://api.mojang.com', sessionHost='https://sessionserver.mojang.com', servicesHost='https://api.minecraftservices.com', name='PROD'
[20:42:30] [ServerMain/INFO]: Loaded 7 recipes
[20:42:31] [Server thread/INFO]: Starting minecraft server version 1.19.3
[20:42:31] [Server thread/INFO]: Loading properties
[20:42:31] [Server thread/INFO]: This server is running Paper version git-Paper-396 (MC: 1.19.3) (Implementing API version 1.19.3-R0.1-SNAPSHOT) (Git: bd77b78)
[20:42:31] [Server thread/INFO]: Server Ping Player Sample Count: 12
[20:42:31] [Server thread/INFO]: Using 4 threads for Netty based IO
[20:42:31] [Server thread/INFO]: [ChunkTaskScheduler] Chunk system is using 1 I/O threads, 3 worker threads, and gen parallelism of 3 threads
[20:42:31] [Server console handler/ERROR]: [TerminalConsole] Failed to read console input
java.io.IOException: Identificador inválido
	at java.io.FileInputStream.readBytes(Native Method) ~[?:?]
	at java.io.FileInputStream.read(FileInputStream.java:276) ~[?:?]
	at java.io.BufferedInputStream.read1(BufferedInputStream.java:282) ~[?:?]
	at java.io.BufferedInputStream.read(BufferedInputStream.java:343) ~[?:?]
	at sun.nio.cs.StreamDecoder.readBytes(StreamDecoder.java:270) ~[?:?]
	at sun.nio.cs.StreamDecoder.implRead(StreamDecoder.java:313) ~[?:?]
	at sun.nio.cs.StreamDecoder.read(StreamDecoder.java:188) ~[?:?]
	at java.io.InputStreamReader.read(InputStreamReader.java:177) ~[?:?]
	at java.io.BufferedReader.fill(BufferedReader.java:162) ~[?:?]
	at java.io.BufferedReader.readLine(BufferedReader.java:329) ~[?:?]
	at java.io.BufferedReader.readLine(BufferedReader.java:396) ~[?:?]
	at net.minecrell.terminalconsole.SimpleTerminalConsole.readCommands(SimpleTerminalConsole.java:180) ~[terminalconsoleappender-1.3.0.jar:?]
	at net.minecrell.terminalconsole.SimpleTerminalConsole.start(SimpleTerminalConsole.java:143) ~[terminalconsoleappender-1.3.0.jar:?]
	at net.minecraft.server.dedicated.DedicatedServer$1.run(DedicatedServer.java:102) ~[paper-1.19.3.jar:git-Paper-396]
	Suppressed: java.io.IOException: Identificador inválido
		at java.io.FileDescriptor.close0(Native Method) ~[?:?]
		at java.io.FileDescriptor.close(FileDescriptor.java:297) ~[?:?]
		at java.io.FileInputStream$1.close(FileInputStream.java:459) ~[?:?]
		at java.io.FileDescriptor.closeAll(FileDescriptor.java:355) ~[?:?]
		at java.io.FileInputStream.close(FileInputStream.java:457) ~[?:?]
		at java.io.BufferedInputStream.close(BufferedInputStream.java:481) ~[?:?]
		at sun.nio.cs.StreamDecoder.implClose(StreamDecoder.java:366) ~[?:?]
		at sun.nio.cs.StreamDecoder.close(StreamDecoder.java:204) ~[?:?]
		at java.io.InputStreamReader.close(InputStreamReader.java:192) ~[?:?]
		at java.io.BufferedReader.close(BufferedReader.java:525) ~[?:?]
		at net.minecrell.terminalconsole.SimpleTerminalConsole.readCommands(SimpleTerminalConsole.java:183) ~[terminalconsoleappender-1.3.0.jar:?]
		at net.minecrell.terminalconsole.SimpleTerminalConsole.start(SimpleTerminalConsole.java:143) ~[terminalconsoleappender-1.3.0.jar:?]
		at net.minecraft.server.dedicated.DedicatedServer$1.run(DedicatedServer.java:102) ~[paper-1.19.3.jar:git-Paper-396]
[20:42:32] [Server thread/INFO]: Default game type: SURVIVAL
[20:42:32] [Server thread/INFO]: Generating keypair
[20:42:32] [Server thread/INFO]: Starting Minecraft server on 26.77.99.177:25565
[20:42:32] [Server thread/INFO]: Using default channel type
[20:42:32] [Server thread/INFO]: Paper: Using Java compression from Velocity.
[20:42:32] [Server thread/INFO]: Paper: Using Java cipher from Velocity.
[20:42:32] [Server thread/INFO]: [LuckPerms] Loading LuckPerms v5.4.60
[20:42:32] [Server thread/INFO]: [VoidGen] Loading VoidGen v2.2.1
[20:42:32] [Server thread/INFO]: [OldCombatMechanics] Loading OldCombatMechanics v1.11.0
[20:42:32] [Server thread/INFO]: [FastAsyncWorldEdit] Loading FastAsyncWorldEdit v2.5.3-SNAPSHOT-356;783dc35
[20:42:33] [Server thread/INFO]: Got request to register class com.sk89q.worldedit.bukkit.BukkitServerInterface with WorldEdit [com.sk89q.worldedit.extension.platform.PlatformManager@75988261]
[20:42:33] [Server thread/INFO]: [GWarp] Loading GWarp v[2.13.0.2]
[20:42:33] [Server thread/INFO]: [Multiverse-Core] Loading Multiverse-Core v4.3.1-b861
[20:42:33] [Server thread/INFO]: [CoreProtect] Loading CoreProtect v21.3
[20:42:33] [Server thread/INFO]: Server permissions file permissions.yml is empty, ignoring it
[20:42:33] [Server thread/INFO]: [LuckPerms] Enabling LuckPerms v5.4.60
[20:42:33] [Server thread/INFO]:         __    
[20:42:33] [Server thread/INFO]:   |    |__)   LuckPerms v5.4.60
[20:42:33] [Server thread/INFO]:   |___ |      Running on Bukkit - Paper
[20:42:33] [Server thread/INFO]: 
[20:42:33] [Server thread/INFO]: [LuckPerms] Loading configuration...
[20:42:33] [Server thread/INFO]: [LuckPerms] Loading storage provider... [H2]
[20:42:34] [Server thread/INFO]: [LuckPerms] Loading internal permission managers...
[20:42:34] [Server thread/INFO]: [LuckPerms] Performing initial data load...
[20:42:34] [Server thread/INFO]: [LuckPerms] Successfully enabled. (took 927ms)
[20:42:34] [Server thread/INFO]: [VoidGen] Enabling VoidGen v2.2.1
[20:42:34] [Server thread/INFO]: [VoidGen] Using VoidChunkGen: VERSION_UNKNOWN
[20:42:34] [Server thread/INFO]: [FastAsyncWorldEdit] Enabling FastAsyncWorldEdit v2.5.3-SNAPSHOT-356;783dc35
[20:42:34] [Server thread/INFO]: [com.fastasyncworldedit.core.Fawe] LZ4 Compression Binding loaded successfully
[20:42:34] [Server thread/INFO]: [com.fastasyncworldedit.core.Fawe] ZSTD Compression Binding loaded successfully
[20:42:34] [Server thread/INFO]: Registering commands with com.sk89q.worldedit.bukkit.BukkitServerInterface
[20:42:34] [Server thread/INFO]: WEPIF: Using the Bukkit Permissions API.
[20:42:34] [Server thread/INFO]: Using com.sk89q.worldedit.bukkit.adapter.impl.fawe.v1_19_R2.PaperweightFaweAdapter as the Bukkit adapter
[20:42:36] [Server thread/INFO]: Preparing level "world"
[20:42:37] [Server thread/INFO]: Preparing start region for dimension minecraft:overworld
[20:42:37] [Server thread/INFO]: Time elapsed: 88 ms
[20:42:37] [Server thread/INFO]: Preparing start region for dimension minecraft:the_nether
[20:42:37] [Server thread/INFO]: Time elapsed: 25 ms
[20:42:37] [Server thread/INFO]: Preparing start region for dimension minecraft:the_end
[20:42:37] [Server thread/INFO]: Time elapsed: 25 ms
[20:42:37] [Server thread/INFO]: [OldCombatMechanics] Enabling OldCombatMechanics v1.11.0
[20:42:37] [Server thread/INFO]: [OldCombatMechanics] OldCombatMechanics v1.11.0 has been enabled
[20:42:37] [Server thread/INFO]: [GWarp] Enabling GWarp v[2.13.0.2]
[20:42:37] [Server thread/INFO]: [GWarp] O plugin foi habilitado com sucesso.
[20:42:37] [Server thread/INFO]: [Multiverse-Core] Enabling Multiverse-Core v4.3.1-b861
[20:42:37] [Server thread/WARN]: [Multiverse-Core] "Multiverse-Core v4.3.1-b861" has registered a listener for org.bukkit.event.entity.EntityCreatePortalEvent on method "public void com.onarandombox.MultiverseCore.listeners.MVPortalListener.entityPortalCreate(org.bukkit.event.entity.EntityCreatePortalEvent)", but the event is Deprecated. "Server performance will be affected"; please notify the authors [dumptruckman, Rigby, fernferret, lithium3141, main--].
[20:42:37] [Server thread/INFO]: [Multiverse-Core] §aWe are aware of the warning about the deprecated event. There is no alternative that allows us to do what we need to do and performance impact is negligible. It is safe to ignore.
[20:42:37] [Server thread/INFO]: Preparing start region for dimension minecraft:voidworld
[20:42:37] [Server thread/INFO]: Time elapsed: 40 ms
[20:42:37] [Server thread/INFO]: [Multiverse-Core] 4 - World(s) loaded.
[20:42:37] [Server thread/WARN]: [Multiverse-Core] Buscript failed to load! The script command will be disabled! If you would like not to see this message, use `/mv conf enablebuscript false` to disable Buscript from loading.
[20:42:37] [Server thread/INFO]: [Multiverse-Core] Version 4.3.1-b861 (API v24) Enabled - By dumptruckman, Rigby, fernferret, lithium3141 and main--
[20:42:37] [Server thread/INFO]: [CoreProtect] Enabling CoreProtect v21.3
[20:42:37] [Server thread/INFO]: [CoreProtect] CoreProtect has been successfully enabled! 
[20:42:37] [Server thread/INFO]: [CoreProtect] Using SQLite for data storage.
[20:42:37] [Server thread/INFO]: --------------------
[20:42:37] [Server thread/INFO]: [CoreProtect] Enjoy CoreProtect? Join our Discord!
[20:42:37] [Server thread/INFO]: [CoreProtect] Discord: www.coreprotect.net/discord/
[20:42:37] [Server thread/INFO]: --------------------
[20:42:38] [Server thread/INFO]: Running delayed init tasks
[20:42:38] [Server thread/INFO]: [CoreProtect] WorldEdit logging successfully initialized.
[20:42:38] [Server thread/INFO]: Done (6.415s)! For help, type "help"
[20:42:38] [Server thread/INFO]: Timings Reset
[20:42:46] [User Authenticator #0/INFO]: UUID of player juninhocss is e7545bbe-e538-4267-a070-d4e1496a68c7
[20:42:46] [Server thread/INFO]: juninhocss joined the game
[20:42:46] [Server thread/INFO]: juninhocss[/26.77.99.177:50563] logged in with entity id 179 at ([world]-2.8673576954786024, 76.0, -31.647744407988707)
[20:42:48] [Server thread/INFO]: juninhocss issued server command: /co i
[20:42:58] [Server thread/INFO]: juninhocss issued server command: /coreprotect:co
[20:48:09] [Server thread/INFO]: Stopping the server
[20:48:09] [Server thread/INFO]: Stopping server
[20:48:09] [Server thread/INFO]: [CoreProtect] Disabling CoreProtect v21.3
[20:48:09] [Server thread/INFO]: [CoreProtect] Finishing up data logging. Please wait...
[20:48:10] [Server thread/INFO]: [CoreProtect] Success! Disabled CoreProtect v21.3
[20:48:10] [Server thread/INFO]: [Multiverse-Core] Disabling Multiverse-Core v4.3.1-b861
[20:48:10] [Server thread/INFO]: [GWarp] Disabling GWarp v[2.13.0.2]
[20:48:10] [Server thread/INFO]: [GWarp] O plugin foi desabilitado com sucesso.
[20:48:10] [Server thread/INFO]: [FastAsyncWorldEdit] Disabling FastAsyncWorldEdit v2.5.3-SNAPSHOT-356;783dc35
[20:48:10] [Server thread/INFO]: Unregistering com.sk89q.worldedit.bukkit.BukkitServerInterface from WorldEdit
[20:48:10] [Server thread/INFO]: [OldCombatMechanics] Disabling OldCombatMechanics v1.11.0
[20:48:10] [Server thread/INFO]: [OldCombatMechanics] OldCombatMechanics v1.11.0 has been disabled
[20:48:10] [Server thread/INFO]: [VoidGen] Disabling VoidGen v2.2.1
[20:48:10] [Server thread/INFO]: [LuckPerms] Disabling LuckPerms v5.4.60
[20:48:10] [Server thread/INFO]: [LuckPerms] Starting shutdown process...
[20:48:10] [Server thread/INFO]: [LuckPerms] Closing storage...
[20:48:10] [Server thread/INFO]: [LuckPerms] Goodbye!
[20:48:10] [Server thread/INFO]: Saving players
[20:48:10] [Server thread/INFO]: juninhocss lost connection: Server closed
[20:48:10] [Server thread/INFO]: juninhocss left the game
[20:48:10] [Server thread/INFO]: Saving worlds
[20:48:10] [Server thread/INFO]: Saving chunks for level 'ServerLevel[world]'/minecraft:overworld
[20:48:10] [Server thread/INFO]: [ChunkHolderManager] Waiting 60s for chunk system to halt for world 'world'
[20:48:10] [Server thread/INFO]: [ChunkHolderManager] Halted chunk system for world 'world'
[20:48:10] [Server thread/INFO]: [ChunkHolderManager] Saving all chunkholders for world 'world'
[20:48:10] [Server thread/INFO]: [ChunkHolderManager] Saved 33 block chunks, 127 entity chunks, 0 poi chunks in world 'world' in 0,05s
[20:48:10] [Server thread/INFO]: ThreadedAnvilChunkStorage (world): All chunks are saved
[20:48:10] [Server thread/INFO]: Saving chunks for level 'ServerLevel[world_nether]'/minecraft:the_nether
[20:48:10] [Server thread/INFO]: [ChunkHolderManager] Waiting 60s for chunk system to halt for world 'world_nether'
[20:48:10] [Server thread/INFO]: [ChunkHolderManager] Halted chunk system for world 'world_nether'
[20:48:10] [Server thread/INFO]: [ChunkHolderManager] Saving all chunkholders for world 'world_nether'
[20:48:10] [Server thread/INFO]: [ChunkHolderManager] Saved 0 block chunks, 10 entity chunks, 0 poi chunks in world 'world_nether' in 0,00s
[20:48:10] [Server thread/INFO]: ThreadedAnvilChunkStorage (DIM-1): All chunks are saved
[20:48:10] [Server thread/INFO]: Saving chunks for level 'ServerLevel[world_the_end]'/minecraft:the_end
[20:48:10] [Server thread/INFO]: [ChunkHolderManager] Waiting 60s for chunk system to halt for world 'world_the_end'
[20:48:10] [Server thread/INFO]: [ChunkHolderManager] Halted chunk system for world 'world_the_end'
[20:48:10] [Server thread/INFO]: [ChunkHolderManager] Saving all chunkholders for world 'world_the_end'
[20:48:10] [Server thread/INFO]: [ChunkHolderManager] Saved 10 block chunks, 10 entity chunks, 0 poi chunks in world 'world_the_end' in 0,01s
[20:48:10] [Server thread/INFO]: ThreadedAnvilChunkStorage (DIM1): All chunks are saved
[20:48:10] [Server thread/INFO]: Saving chunks for level 'ServerLevel[voidworld]'/minecraft:voidworld
[20:48:10] [Server thread/INFO]: [ChunkHolderManager] Waiting 60s for chunk system to halt for world 'voidworld'
[20:48:10] [Server thread/INFO]: [ChunkHolderManager] Halted chunk system for world 'voidworld'
[20:48:10] [Server thread/INFO]: [ChunkHolderManager] Saving all chunkholders for world 'voidworld'
[20:48:10] [Server thread/INFO]: [ChunkHolderManager] Saved 0 block chunks, 0 entity chunks, 0 poi chunks in world 'voidworld' in 0,00s
[20:48:10] [Server thread/INFO]: ThreadedAnvilChunkStorage (voidworld): All chunks are saved
[20:48:10] [Server thread/INFO]: ThreadedAnvilChunkStorage: All dimensions are saved
[20:48:10] [Server thread/INFO]: Flushing Chunk IO
[20:48:10] [Server thread/INFO]: Closing Thread Pool
[20:48:10] [Server thread/INFO]: Closing Server
